<?xml version="1.0" encoding="UTF-8"?>
<!-- Generated by org.testng.reporters.JUnitReportReporter -->
<testsuite skipped="0" hostname="DESKTOP-S3RV3MH" name="testingDemo.TestDemo" tests="1" failures="0" timestamp="2021-07-03T19:13:50 IST" time="44.278" errors="0">
  <testcase name="sampleTest" time="44.278" classname="testingDemo.TestDemo"/>
  <system-out/>
</testsuite> <!-- testingDemo.TestDemo -->
